[ 6177031ms] [LOG] %c																																																							
																																																							
rrrrrrrrrrrrrrrrrrrrrrrrrrrrrrrrrrrrrrrrrrrrrrrrrrrrrrrrrrrrrrrrrrrrrrrrrrrrrrrrrrrrrrrrrrrrrrrrrrrrrrrrrrrrrrrrrrrrrrrrrrrrrrrrrrrrrrrrrrrrrrrrrrrrrrrrrrrrrrrrrrrrrrrrrrrrrrrrrrrrrrrrrrrrrrrrrrrrrrrrrrrrrrrrrrrrrrrrrrrr
																																																							
																																																							
	$$$$               $$$$                          $$$$$      $$$   $$$                       $$$                                                                                                                         
	$$$$               $$$$                          $$$$$$     $$$   $$$                       $$$                                                                                                                         
	$$$$    $$$$$$$    $$$$$$$$$    $$$ $$$$$        $$$$$$$    $$$   $$$     $$$$$$     $$$$$$ $$$    $$$$$$$    $$$ $$$ $$$$$$$$$  $$$$$      $$$$$$   $$$$    $$$$  $$$$$$$    $$$ $$$                                   
	$$$$  $$$$$$$$$$$  $$$$$$$$$$$  $$$$$$$$$$       $$$$$$$$$  $$$   $$$   $$$$$$$$$   $$$$$$$$$$$   $$$$$$$$$   $$$$$$$ $$$$$$$$$$$$$$$$$$  $$$$$$$$$$ $$$$    $$$ $$$$$$$$$$   $$$$$$$                                   
	$$$$  $$$$   $$$$  $$$$   $$$$  $$$$   $$$$      $$$$  $$$$ $$$   $$$  $$$$    $$$ $$$$    $$$$  $$$    $$$$  $$$$    $$$$   $$$$   $$$$  $$$    $$$$ $$$$  $$$$ $$$    $$$$  $$$$                                      
	$$$$ $$$$     $$$$ $$$$   $$$$  $$$    $$$$      $$$$   $$$$$$$   $$$  $$$$$$$$$$$ $$$$     $$$ $$$$$$$$$$$$  $$$     $$$$   $$$$   $$$$ $$$$$$$$$$$$  $$$ $$$$ $$$$$$$$$$$$  $$$                                       
	$$$$  $$$     $$$  $$$$   $$$$  $$$    $$$$      $$$$    $$$$$$   $$$  $$$     $   $$$$    $$$$  $$$     $    $$$     $$$$   $$$$   $$$$ $$$$           $$$$$$   $$$     $    $$$                                       
$$$$$$$$  $$$$$$$$$$$  $$$$   $$$$  $$$    $$$$      $$$$     $$$$$   $$$   $$$$$$$$$$  $$$$$$$$$$$  $$$$$$$$$$$  $$$     $$$$   $$$$   $$$$  $$$$$$$$$$$   $$$$$    $$$$$$$$$$$  $$$                                       
$$$$$$$     $$$$$$$    $$$$   $$$$  $$$    $$$$      $$$$       $$$   $$$    $$$$$$$$    $$$$$$ $$$    $$$$$$$    $$$     $$$$   $$$$   $$$$    $$$$$$$      $$$$      $$$$$$$    $$$                                       
																																							$$$$                                                            
																																						  $$$$$                                                             
 rrrrrrrrrrr                                rrrr                           rrr         rrrrrrrrrru                            rrrr                                                                                          
 rrrrrrrrrrrrr                              rrrr                           rrr         rrrrrrrrrrrr                           rrrr                                                                                          
 rrrr     xrrr rrrr rrr   rrrrrr      frrrr rrrr  rrr    rrr     rrrrrr  rrrrrrrr      rrrr     rrrr     rrrrrx      rrrrrx   rrrr    rrrrr rrr  xrrr rrrr                                                                  
 rrrr     rrrr rrrrrrrr rrrrrrrrrr   rrrrrrrrrrr  rrr    rrr   rrrrrrrrrrrrrrrrrr      rrrr      rrrr  rrrrrrrrrr  rrrrrrrrrx rrrr  rrrrrrrrrrr  xrrrrrrrrrr                                                                
 rrrrrrrrrrrr  rrrrx   rrrr    rrrt rrrr    rrrr  rrr    rrr  rrrr    rrj  rrr         rrrr      xrrr rrrr    rrr xrrru   r   rrrr  rrr    rrrr  xrrr   frrr                                                                
 rrrrrrrrrr    rrrr    rrr     rrrr rrr     rrrr  rrr    rrr  rrrr         rrr         rrrr      rrrr rrrrrrrrrrrt rrrrrrrrr  rrrr rrrr     rrr  xrrr    rrr                                                                
 rrrr          rrrr    rrrj    rrrr rrr     rrrr  rrr    rrr  rrrr    r    rrr         rrrr     rrrr  rrrr             xrrrrr rrrr  rrr    rrrr  xrrr    rrr                                                                
 rrrr          rrrr    ]rrrrxrrrrr  rrrrrrrrrrrr  rrrrrrrrrr   rrrrrrrrrr  rrrrrr      rrrrrrrrrrrr    rrrrxnrrrr rrrrx  rrrj rrrr  rrrrrrrrrrr  xrrr    rrr                                                                
 rrrr          rrrr      rrrrrrrr     rrrrrrrrrr   rrrrrrrrr    rrrrrrrr   xrrrrr      rrrrrrrrrr       rrrrrrrr   rrrrrrrr   rrrr    rrrrr rrr  xrrr    rrr                                                                
																																	rrrr   rrrr                                                                             
																																	Crrrrrrrrj                                                                              
   rrrrrrrx           rrrrrrrrrr     xrrr                                          rrrr                                                                                                                                     
  rrrr  rrrr          rrrrrrrrrrrr   xrrr                                   rrr    rrrr                                                                                                                                     
  rrr    rrr          rrr      rrrr  rrrr  rrrr rrr   rrrrr       rrrrrx  rrrrrrrr jrrr     rrrrr     rrrxrrrrr                                                                                                             
  rrrrrrrrr           rrr       rrrr rrrr  rrrrrrrr rrrrrrrrr   rrrrrrrrrrrrrrrrrr rrrr   rrrrrrrrr   rrrrrrrrrr                                                                                                            
  xrrrrrx   rrr       rrr       rrrr rrrr  rrrrr   rrrr    rrr rrrr    rrr  rrr    rrrr  rrru   rrrr  rrrr   rrrr                                                                                                           
 rrrr rrrr rrrr       rrr       rrrr rrrr  rrrr    rrrrrrrrrrr rrrf         rrr    rrrr jrrr     rrr  rrrj   rrrr                                                                                                           
rrrr   xrrrrrr        rrr      rrrr  rrrr  rrrr    rrr         rrrr    r    rrr    rrrr jrrr     rrr  rrrj   rrrr                                                                                                           
 rrrrjCrrrrrrr        rrrrrrrrrrrr   rrrr  rrrr    jrrrr]nrrrr  rrrrrjrrrr  rrrrrr rrrr  rrrrrCxrrrr  rrrj   rrrr                                                                                                           
  rrrrrrrrrrrrrr      rrrrrrrrrr     rrrr  rrrr      rrrrrrrr    rrrrrrrr   jrrrrr rrrr   jrrrrrrr]   rrrj   rrrr                                                                                                           
																																																							
 color: #5f6fff; font-family: ui-monospace, SFMono-Regular, Menlo, Consolas, monospace; font-size: 8px; line-height: 1; white-space: pre @ http://[::1]:8001/assets/js/main.js:40
[ 6177032ms] [LOG] %cJohn Nieder / Product Design & Direction
https://nieder.me color: currentColor; font-family: ui-monospace, SFMono-Regular, Menlo, Consolas, monospace; font-size: 12px; @ http://[::1]:8001/assets/js/main.js:41
[ 6216132ms] [LOG] %c																																																							
																																																							
rrrrrrrrrrrrrrrrrrrrrrrrrrrrrrrrrrrrrrrrrrrrrrrrrrrrrrrrrrrrrrrrrrrrrrrrrrrrrrrrrrrrrrrrrrrrrrrrrrrrrrrrrrrrrrrrrrrrrrrrrrrrrrrrrrrrrrrrrrrrrrrrrrrrrrrrrrrrrrrrrrrrrrrrrrrrrrrrrrrrrrrrrrrrrrrrrrrrrrrrrrrrrrrrrrrrrrrrrrrr
																																																							
																																																							
	$$$$               $$$$                          $$$$$      $$$   $$$                       $$$                                                                                                                         
	$$$$               $$$$                          $$$$$$     $$$   $$$                       $$$                                                                                                                         
	$$$$    $$$$$$$    $$$$$$$$$    $$$ $$$$$        $$$$$$$    $$$   $$$     $$$$$$     $$$$$$ $$$    $$$$$$$    $$$ $$$ $$$$$$$$$  $$$$$      $$$$$$   $$$$    $$$$  $$$$$$$    $$$ $$$                                   
	$$$$  $$$$$$$$$$$  $$$$$$$$$$$  $$$$$$$$$$       $$$$$$$$$  $$$   $$$   $$$$$$$$$   $$$$$$$$$$$   $$$$$$$$$   $$$$$$$ $$$$$$$$$$$$$$$$$$  $$$$$$$$$$ $$$$    $$$ $$$$$$$$$$   $$$$$$$                                   
	$$$$  $$$$   $$$$  $$$$   $$$$  $$$$   $$$$      $$$$  $$$$ $$$   $$$  $$$$    $$$ $$$$    $$$$  $$$    $$$$  $$$$    $$$$   $$$$   $$$$  $$$    $$$$ $$$$  $$$$ $$$    $$$$  $$$$                                      
	$$$$ $$$$     $$$$ $$$$   $$$$  $$$    $$$$      $$$$   $$$$$$$   $$$  $$$$$$$$$$$ $$$$     $$$ $$$$$$$$$$$$  $$$     $$$$   $$$$   $$$$ $$$$$$$$$$$$  $$$ $$$$ $$$$$$$$$$$$  $$$                                       
	$$$$  $$$     $$$  $$$$   $$$$  $$$    $$$$      $$$$    $$$$$$   $$$  $$$     $   $$$$    $$$$  $$$     $    $$$     $$$$   $$$$   $$$$ $$$$           $$$$$$   $$$     $    $$$                                       
$$$$$$$$  $$$$$$$$$$$  $$$$   $$$$  $$$    $$$$      $$$$     $$$$$   $$$   $$$$$$$$$$  $$$$$$$$$$$  $$$$$$$$$$$  $$$     $$$$   $$$$   $$$$  $$$$$$$$$$$   $$$$$    $$$$$$$$$$$  $$$                                       
$$$$$$$     $$$$$$$    $$$$   $$$$  $$$    $$$$      $$$$       $$$   $$$    $$$$$$$$    $$$$$$ $$$    $$$$$$$    $$$     $$$$   $$$$   $$$$    $$$$$$$      $$$$      $$$$$$$    $$$                                       
																																							$$$$                                                            
																																						  $$$$$                                                             
 rrrrrrrrrrr                                rrrr                           rrr         rrrrrrrrrru                            rrrr                                                                                          
 rrrrrrrrrrrrr                              rrrr                           rrr         rrrrrrrrrrrr                           rrrr                                                                                          
 rrrr     xrrr rrrr rrr   rrrrrr      frrrr rrrr  rrr    rrr     rrrrrr  rrrrrrrr      rrrr     rrrr     rrrrrx      rrrrrx   rrrr    rrrrr rrr  xrrr rrrr                                                                  
 rrrr     rrrr rrrrrrrr rrrrrrrrrr   rrrrrrrrrrr  rrr    rrr   rrrrrrrrrrrrrrrrrr      rrrr      rrrr  rrrrrrrrrr  rrrrrrrrrx rrrr  rrrrrrrrrrr  xrrrrrrrrrr                                                                
 rrrrrrrrrrrr  rrrrx   rrrr    rrrt rrrr    rrrr  rrr    rrr  rrrr    rrj  rrr         rrrr      xrrr rrrr    rrr xrrru   r   rrrr  rrr    rrrr  xrrr   frrr                                                                
 rrrrrrrrrr    rrrr    rrr     rrrr rrr     rrrr  rrr    rrr  rrrr         rrr         rrrr      rrrr rrrrrrrrrrrt rrrrrrrrr  rrrr rrrr     rrr  xrrr    rrr                                                                
 rrrr          rrrr    rrrj    rrrr rrr     rrrr  rrr    rrr  rrrr    r    rrr         rrrr     rrrr  rrrr             xrrrrr rrrr  rrr    rrrr  xrrr    rrr                                                                
 rrrr          rrrr    ]rrrrxrrrrr  rrrrrrrrrrrr  rrrrrrrrrr   rrrrrrrrrr  rrrrrr      rrrrrrrrrrrr    rrrrxnrrrr rrrrx  rrrj rrrr  rrrrrrrrrrr  xrrr    rrr                                                                
 rrrr          rrrr      rrrrrrrr     rrrrrrrrrr   rrrrrrrrr    rrrrrrrr   xrrrrr      rrrrrrrrrr       rrrrrrrr   rrrrrrrr   rrrr    rrrrr rrr  xrrr    rrr                                                                
																																	rrrr   rrrr                                                                             
																																	Crrrrrrrrj                                                                              
   rrrrrrrx           rrrrrrrrrr     xrrr                                          rrrr                                                                                                                                     
  rrrr  rrrr          rrrrrrrrrrrr   xrrr                                   rrr    rrrr                                                                                                                                     
  rrr    rrr          rrr      rrrr  rrrr  rrrr rrr   rrrrr       rrrrrx  rrrrrrrr jrrr     rrrrr     rrrxrrrrr                                                                                                             
  rrrrrrrrr           rrr       rrrr rrrr  rrrrrrrr rrrrrrrrr   rrrrrrrrrrrrrrrrrr rrrr   rrrrrrrrr   rrrrrrrrrr                                                                                                            
  xrrrrrx   rrr       rrr       rrrr rrrr  rrrrr   rrrr    rrr rrrr    rrr  rrr    rrrr  rrru   rrrr  rrrr   rrrr                                                                                                           
 rrrr rrrr rrrr       rrr       rrrr rrrr  rrrr    rrrrrrrrrrr rrrf         rrr    rrrr jrrr     rrr  rrrj   rrrr                                                                                                           
rrrr   xrrrrrr        rrr      rrrr  rrrr  rrrr    rrr         rrrr    r    rrr    rrrr jrrr     rrr  rrrj   rrrr                                                                                                           
 rrrrjCrrrrrrr        rrrrrrrrrrrr   rrrr  rrrr    jrrrr]nrrrr  rrrrrjrrrr  rrrrrr rrrr  rrrrrCxrrrr  rrrj   rrrr                                                                                                           
  rrrrrrrrrrrrrr      rrrrrrrrrr     rrrr  rrrr      rrrrrrrr    rrrrrrrr   jrrrrr rrrr   jrrrrrrr]   rrrj   rrrr                                                                                                           
																																																							
 color: #5f6fff; font-family: ui-monospace, SFMono-Regular, Menlo, Consolas, monospace; font-size: 8px; line-height: 1; white-space: pre @ http://[::1]:8001/assets/js/main.js:40
[ 6216132ms] [LOG] %cJohn Nieder / Product Design & Direction
https://nieder.me color: currentColor; font-family: ui-monospace, SFMono-Regular, Menlo, Consolas, monospace; font-size: 12px; @ http://[::1]:8001/assets/js/main.js:41
[ 6252061ms] [LOG] %c																																																							
																																																							
rrrrrrrrrrrrrrrrrrrrrrrrrrrrrrrrrrrrrrrrrrrrrrrrrrrrrrrrrrrrrrrrrrrrrrrrrrrrrrrrrrrrrrrrrrrrrrrrrrrrrrrrrrrrrrrrrrrrrrrrrrrrrrrrrrrrrrrrrrrrrrrrrrrrrrrrrrrrrrrrrrrrrrrrrrrrrrrrrrrrrrrrrrrrrrrrrrrrrrrrrrrrrrrrrrrrrrrrrrrr
																																																							
																																																							
	$$$$               $$$$                          $$$$$      $$$   $$$                       $$$                                                                                                                         
	$$$$               $$$$                          $$$$$$     $$$   $$$                       $$$                                                                                                                         
	$$$$    $$$$$$$    $$$$$$$$$    $$$ $$$$$        $$$$$$$    $$$   $$$     $$$$$$     $$$$$$ $$$    $$$$$$$    $$$ $$$ $$$$$$$$$  $$$$$      $$$$$$   $$$$    $$$$  $$$$$$$    $$$ $$$                                   
	$$$$  $$$$$$$$$$$  $$$$$$$$$$$  $$$$$$$$$$       $$$$$$$$$  $$$   $$$   $$$$$$$$$   $$$$$$$$$$$   $$$$$$$$$   $$$$$$$ $$$$$$$$$$$$$$$$$$  $$$$$$$$$$ $$$$    $$$ $$$$$$$$$$   $$$$$$$                                   
	$$$$  $$$$   $$$$  $$$$   $$$$  $$$$   $$$$      $$$$  $$$$ $$$   $$$  $$$$    $$$ $$$$    $$$$  $$$    $$$$  $$$$    $$$$   $$$$   $$$$  $$$    $$$$ $$$$  $$$$ $$$    $$$$  $$$$                                      
	$$$$ $$$$     $$$$ $$$$   $$$$  $$$    $$$$      $$$$   $$$$$$$   $$$  $$$$$$$$$$$ $$$$     $$$ $$$$$$$$$$$$  $$$     $$$$   $$$$   $$$$ $$$$$$$$$$$$  $$$ $$$$ $$$$$$$$$$$$  $$$                                       
	$$$$  $$$     $$$  $$$$   $$$$  $$$    $$$$      $$$$    $$$$$$   $$$  $$$     $   $$$$    $$$$  $$$     $    $$$     $$$$   $$$$   $$$$ $$$$           $$$$$$   $$$     $    $$$                                       
$$$$$$$$  $$$$$$$$$$$  $$$$   $$$$  $$$    $$$$      $$$$     $$$$$   $$$   $$$$$$$$$$  $$$$$$$$$$$  $$$$$$$$$$$  $$$     $$$$   $$$$   $$$$  $$$$$$$$$$$   $$$$$    $$$$$$$$$$$  $$$                                       
$$$$$$$     $$$$$$$    $$$$   $$$$  $$$    $$$$      $$$$       $$$   $$$    $$$$$$$$    $$$$$$ $$$    $$$$$$$    $$$     $$$$   $$$$   $$$$    $$$$$$$      $$$$      $$$$$$$    $$$                                       
																																							$$$$                                                            
																																						  $$$$$                                                             
 rrrrrrrrrrr                                rrrr                           rrr         rrrrrrrrrru                            rrrr                                                                                          
 rrrrrrrrrrrrr                              rrrr                           rrr         rrrrrrrrrrrr                           rrrr                                                                                          
 rrrr     xrrr rrrr rrr   rrrrrr      frrrr rrrr  rrr    rrr     rrrrrr  rrrrrrrr      rrrr     rrrr     rrrrrx      rrrrrx   rrrr    rrrrr rrr  xrrr rrrr                                                                  
 rrrr     rrrr rrrrrrrr rrrrrrrrrr   rrrrrrrrrrr  rrr    rrr   rrrrrrrrrrrrrrrrrr      rrrr      rrrr  rrrrrrrrrr  rrrrrrrrrx rrrr  rrrrrrrrrrr  xrrrrrrrrrr                                                                
 rrrrrrrrrrrr  rrrrx   rrrr    rrrt rrrr    rrrr  rrr    rrr  rrrr    rrj  rrr         rrrr      xrrr rrrr    rrr xrrru   r   rrrr  rrr    rrrr  xrrr   frrr                                                                
 rrrrrrrrrr    rrrr    rrr     rrrr rrr     rrrr  rrr    rrr  rrrr         rrr         rrrr      rrrr rrrrrrrrrrrt rrrrrrrrr  rrrr rrrr     rrr  xrrr    rrr                                                                
 rrrr          rrrr    rrrj    rrrr rrr     rrrr  rrr    rrr  rrrr    r    rrr         rrrr     rrrr  rrrr             xrrrrr rrrr  rrr    rrrr  xrrr    rrr                                                                
 rrrr          rrrr    ]rrrrxrrrrr  rrrrrrrrrrrr  rrrrrrrrrr   rrrrrrrrrr  rrrrrr      rrrrrrrrrrrr    rrrrxnrrrr rrrrx  rrrj rrrr  rrrrrrrrrrr  xrrr    rrr                                                                
 rrrr          rrrr      rrrrrrrr     rrrrrrrrrr   rrrrrrrrr    rrrrrrrr   xrrrrr      rrrrrrrrrr       rrrrrrrr   rrrrrrrr   rrrr    rrrrr rrr  xrrr    rrr                                                                
																																	rrrr   rrrr                                                                             
																																	Crrrrrrrrj                                                                              
   rrrrrrrx           rrrrrrrrrr     xrrr                                          rrrr                                                                                                                                     
  rrrr  rrrr          rrrrrrrrrrrr   xrrr                                   rrr    rrrr                                                                                                                                     
  rrr    rrr          rrr      rrrr  rrrr  rrrr rrr   rrrrr       rrrrrx  rrrrrrrr jrrr     rrrrr     rrrxrrrrr                                                                                                             
  rrrrrrrrr           rrr       rrrr rrrr  rrrrrrrr rrrrrrrrr   rrrrrrrrrrrrrrrrrr rrrr   rrrrrrrrr   rrrrrrrrrr                                                                                                            
  xrrrrrx   rrr       rrr       rrrr rrrr  rrrrr   rrrr    rrr rrrr    rrr  rrr    rrrr  rrru   rrrr  rrrr   rrrr                                                                                                           
 rrrr rrrr rrrr       rrr       rrrr rrrr  rrrr    rrrrrrrrrrr rrrf         rrr    rrrr jrrr     rrr  rrrj   rrrr                                                                                                           
rrrr   xrrrrrr        rrr      rrrr  rrrr  rrrr    rrr         rrrr    r    rrr    rrrr jrrr     rrr  rrrj   rrrr                                                                                                           
 rrrrjCrrrrrrr        rrrrrrrrrrrr   rrrr  rrrr    jrrrr]nrrrr  rrrrrjrrrr  rrrrrr rrrr  rrrrrCxrrrr  rrrj   rrrr                                                                                                           
  rrrrrrrrrrrrrr      rrrrrrrrrr     rrrr  rrrr      rrrrrrrr    rrrrrrrr   jrrrrr rrrr   jrrrrrrr]   rrrj   rrrr                                                                                                           
																																																							
 color: #5f6fff; font-family: ui-monospace, SFMono-Regular, Menlo, Consolas, monospace; font-size: 8px; line-height: 1; white-space: pre @ http://[::1]:8001/assets/js/main.js:40
[ 6252061ms] [LOG] %cJohn Nieder / Product Design & Direction
https://nieder.me color: currentColor; font-family: ui-monospace, SFMono-Regular, Menlo, Consolas, monospace; font-size: 12px; @ http://[::1]:8001/assets/js/main.js:41
[ 6320575ms] [LOG] %c																																																							
																																																							
rrrrrrrrrrrrrrrrrrrrrrrrrrrrrrrrrrrrrrrrrrrrrrrrrrrrrrrrrrrrrrrrrrrrrrrrrrrrrrrrrrrrrrrrrrrrrrrrrrrrrrrrrrrrrrrrrrrrrrrrrrrrrrrrrrrrrrrrrrrrrrrrrrrrrrrrrrrrrrrrrrrrrrrrrrrrrrrrrrrrrrrrrrrrrrrrrrrrrrrrrrrrrrrrrrrrrrrrrrrr
																																																							
																																																							
	$$$$               $$$$                          $$$$$      $$$   $$$                       $$$                                                                                                                         
	$$$$               $$$$                          $$$$$$     $$$   $$$                       $$$                                                                                                                         
	$$$$    $$$$$$$    $$$$$$$$$    $$$ $$$$$        $$$$$$$    $$$   $$$     $$$$$$     $$$$$$ $$$    $$$$$$$    $$$ $$$ $$$$$$$$$  $$$$$      $$$$$$   $$$$    $$$$  $$$$$$$    $$$ $$$                                   
	$$$$  $$$$$$$$$$$  $$$$$$$$$$$  $$$$$$$$$$       $$$$$$$$$  $$$   $$$   $$$$$$$$$   $$$$$$$$$$$   $$$$$$$$$   $$$$$$$ $$$$$$$$$$$$$$$$$$  $$$$$$$$$$ $$$$    $$$ $$$$$$$$$$   $$$$$$$                                   
	$$$$  $$$$   $$$$  $$$$   $$$$  $$$$   $$$$      $$$$  $$$$ $$$   $$$  $$$$    $$$ $$$$    $$$$  $$$    $$$$  $$$$    $$$$   $$$$   $$$$  $$$    $$$$ $$$$  $$$$ $$$    $$$$  $$$$                                      
	$$$$ $$$$     $$$$ $$$$   $$$$  $$$    $$$$      $$$$   $$$$$$$   $$$  $$$$$$$$$$$ $$$$     $$$ $$$$$$$$$$$$  $$$     $$$$   $$$$   $$$$ $$$$$$$$$$$$  $$$ $$$$ $$$$$$$$$$$$  $$$                                       
	$$$$  $$$     $$$  $$$$   $$$$  $$$    $$$$      $$$$    $$$$$$   $$$  $$$     $   $$$$    $$$$  $$$     $    $$$     $$$$   $$$$   $$$$ $$$$           $$$$$$   $$$     $    $$$                                       
$$$$$$$$  $$$$$$$$$$$  $$$$   $$$$  $$$    $$$$      $$$$     $$$$$   $$$   $$$$$$$$$$  $$$$$$$$$$$  $$$$$$$$$$$  $$$     $$$$   $$$$   $$$$  $$$$$$$$$$$   $$$$$    $$$$$$$$$$$  $$$                                       
$$$$$$$     $$$$$$$    $$$$   $$$$  $$$    $$$$      $$$$       $$$   $$$    $$$$$$$$    $$$$$$ $$$    $$$$$$$    $$$     $$$$   $$$$   $$$$    $$$$$$$      $$$$      $$$$$$$    $$$                                       
																																							$$$$                                                            
																																						  $$$$$                                                             
 rrrrrrrrrrr                                rrrr                           rrr         rrrrrrrrrru                            rrrr                                                                                          
 rrrrrrrrrrrrr                              rrrr                           rrr         rrrrrrrrrrrr                           rrrr                                                                                          
 rrrr     xrrr rrrr rrr   rrrrrr      frrrr rrrr  rrr    rrr     rrrrrr  rrrrrrrr      rrrr     rrrr     rrrrrx      rrrrrx   rrrr    rrrrr rrr  xrrr rrrr                                                                  
 rrrr     rrrr rrrrrrrr rrrrrrrrrr   rrrrrrrrrrr  rrr    rrr   rrrrrrrrrrrrrrrrrr      rrrr      rrrr  rrrrrrrrrr  rrrrrrrrrx rrrr  rrrrrrrrrrr  xrrrrrrrrrr                                                                
 rrrrrrrrrrrr  rrrrx   rrrr    rrrt rrrr    rrrr  rrr    rrr  rrrr    rrj  rrr         rrrr      xrrr rrrr    rrr xrrru   r   rrrr  rrr    rrrr  xrrr   frrr                                                                
 rrrrrrrrrr    rrrr    rrr     rrrr rrr     rrrr  rrr    rrr  rrrr         rrr         rrrr      rrrr rrrrrrrrrrrt rrrrrrrrr  rrrr rrrr     rrr  xrrr    rrr                                                                
 rrrr          rrrr    rrrj    rrrr rrr     rrrr  rrr    rrr  rrrr    r    rrr         rrrr     rrrr  rrrr             xrrrrr rrrr  rrr    rrrr  xrrr    rrr                                                                
 rrrr          rrrr    ]rrrrxrrrrr  rrrrrrrrrrrr  rrrrrrrrrr   rrrrrrrrrr  rrrrrr      rrrrrrrrrrrr    rrrrxnrrrr rrrrx  rrrj rrrr  rrrrrrrrrrr  xrrr    rrr                                                                
 rrrr          rrrr      rrrrrrrr     rrrrrrrrrr   rrrrrrrrr    rrrrrrrr   xrrrrr      rrrrrrrrrr       rrrrrrrr   rrrrrrrr   rrrr    rrrrr rrr  xrrr    rrr                                                                
																																	rrrr   rrrr                                                                             
																																	Crrrrrrrrj                                                                              
   rrrrrrrx           rrrrrrrrrr     xrrr                                          rrrr                                                                                                                                     
  rrrr  rrrr          rrrrrrrrrrrr   xrrr                                   rrr    rrrr                                                                                                                                     
  rrr    rrr          rrr      rrrr  rrrr  rrrr rrr   rrrrr       rrrrrx  rrrrrrrr jrrr     rrrrr     rrrxrrrrr                                                                                                             
  rrrrrrrrr           rrr       rrrr rrrr  rrrrrrrr rrrrrrrrr   rrrrrrrrrrrrrrrrrr rrrr   rrrrrrrrr   rrrrrrrrrr                                                                                                            
  xrrrrrx   rrr       rrr       rrrr rrrr  rrrrr   rrrr    rrr rrrr    rrr  rrr    rrrr  rrru   rrrr  rrrr   rrrr                                                                                                           
 rrrr rrrr rrrr       rrr       rrrr rrrr  rrrr    rrrrrrrrrrr rrrf         rrr    rrrr jrrr     rrr  rrrj   rrrr                                                                                                           
rrrr   xrrrrrr        rrr      rrrr  rrrr  rrrr    rrr         rrrr    r    rrr    rrrr jrrr     rrr  rrrj   rrrr                                                                                                           
 rrrrjCrrrrrrr        rrrrrrrrrrrr   rrrr  rrrr    jrrrr]nrrrr  rrrrrjrrrr  rrrrrr rrrr  rrrrrCxrrrr  rrrj   rrrr                                                                                                           
  rrrrrrrrrrrrrr      rrrrrrrrrr     rrrr  rrrr      rrrrrrrr    rrrrrrrr   jrrrrr rrrr   jrrrrrrr]   rrrj   rrrr                                                                                                           
																																																							
 color: #5f6fff; font-family: ui-monospace, SFMono-Regular, Menlo, Consolas, monospace; font-size: 8px; line-height: 1; white-space: pre @ http://[::1]:8001/assets/js/main.js:40
[ 6320575ms] [LOG] %cJohn Nieder / Product Design & Direction
https://nieder.me color: currentColor; font-family: ui-monospace, SFMono-Regular, Menlo, Consolas, monospace; font-size: 12px; @ http://[::1]:8001/assets/js/main.js:41
[ 6366121ms] [LOG] %c																																																							
																																																							
rrrrrrrrrrrrrrrrrrrrrrrrrrrrrrrrrrrrrrrrrrrrrrrrrrrrrrrrrrrrrrrrrrrrrrrrrrrrrrrrrrrrrrrrrrrrrrrrrrrrrrrrrrrrrrrrrrrrrrrrrrrrrrrrrrrrrrrrrrrrrrrrrrrrrrrrrrrrrrrrrrrrrrrrrrrrrrrrrrrrrrrrrrrrrrrrrrrrrrrrrrrrrrrrrrrrrrrrrrrr
																																																							
																																																							
	$$$$               $$$$                          $$$$$      $$$   $$$                       $$$                                                                                                                         
	$$$$               $$$$                          $$$$$$     $$$   $$$                       $$$                                                                                                                         
	$$$$    $$$$$$$    $$$$$$$$$    $$$ $$$$$        $$$$$$$    $$$   $$$     $$$$$$     $$$$$$ $$$    $$$$$$$    $$$ $$$ $$$$$$$$$  $$$$$      $$$$$$   $$$$    $$$$  $$$$$$$    $$$ $$$                                   
	$$$$  $$$$$$$$$$$  $$$$$$$$$$$  $$$$$$$$$$       $$$$$$$$$  $$$   $$$   $$$$$$$$$   $$$$$$$$$$$   $$$$$$$$$   $$$$$$$ $$$$$$$$$$$$$$$$$$  $$$$$$$$$$ $$$$    $$$ $$$$$$$$$$   $$$$$$$                                   
	$$$$  $$$$   $$$$  $$$$   $$$$  $$$$   $$$$      $$$$  $$$$ $$$   $$$  $$$$    $$$ $$$$    $$$$  $$$    $$$$  $$$$    $$$$   $$$$   $$$$  $$$    $$$$ $$$$  $$$$ $$$    $$$$  $$$$                                      
	$$$$ $$$$     $$$$ $$$$   $$$$  $$$    $$$$      $$$$   $$$$$$$   $$$  $$$$$$$$$$$ $$$$     $$$ $$$$$$$$$$$$  $$$     $$$$   $$$$   $$$$ $$$$$$$$$$$$  $$$ $$$$ $$$$$$$$$$$$  $$$                                       
	$$$$  $$$     $$$  $$$$   $$$$  $$$    $$$$      $$$$    $$$$$$   $$$  $$$     $   $$$$    $$$$  $$$     $    $$$     $$$$   $$$$   $$$$ $$$$           $$$$$$   $$$     $    $$$                                       
$$$$$$$$  $$$$$$$$$$$  $$$$   $$$$  $$$    $$$$      $$$$     $$$$$   $$$   $$$$$$$$$$  $$$$$$$$$$$  $$$$$$$$$$$  $$$     $$$$   $$$$   $$$$  $$$$$$$$$$$   $$$$$    $$$$$$$$$$$  $$$                                       
$$$$$$$     $$$$$$$    $$$$   $$$$  $$$    $$$$      $$$$       $$$   $$$    $$$$$$$$    $$$$$$ $$$    $$$$$$$    $$$     $$$$   $$$$   $$$$    $$$$$$$      $$$$      $$$$$$$    $$$                                       
																																							$$$$                                                            
																																						  $$$$$                                                             
 rrrrrrrrrrr                                rrrr                           rrr         rrrrrrrrrru                            rrrr                                                                                          
 rrrrrrrrrrrrr                              rrrr                           rrr         rrrrrrrrrrrr                           rrrr                                                                                          
 rrrr     xrrr rrrr rrr   rrrrrr      frrrr rrrr  rrr    rrr     rrrrrr  rrrrrrrr      rrrr     rrrr     rrrrrx      rrrrrx   rrrr    rrrrr rrr  xrrr rrrr                                                                  
 rrrr     rrrr rrrrrrrr rrrrrrrrrr   rrrrrrrrrrr  rrr    rrr   rrrrrrrrrrrrrrrrrr      rrrr      rrrr  rrrrrrrrrr  rrrrrrrrrx rrrr  rrrrrrrrrrr  xrrrrrrrrrr                                                                
 rrrrrrrrrrrr  rrrrx   rrrr    rrrt rrrr    rrrr  rrr    rrr  rrrr    rrj  rrr         rrrr      xrrr rrrr    rrr xrrru   r   rrrr  rrr    rrrr  xrrr   frrr                                                                
 rrrrrrrrrr    rrrr    rrr     rrrr rrr     rrrr  rrr    rrr  rrrr         rrr         rrrr      rrrr rrrrrrrrrrrt rrrrrrrrr  rrrr rrrr     rrr  xrrr    rrr                                                                
 rrrr          rrrr    rrrj    rrrr rrr     rrrr  rrr    rrr  rrrr    r    rrr         rrrr     rrrr  rrrr             xrrrrr rrrr  rrr    rrrr  xrrr    rrr                                                                
 rrrr          rrrr    ]rrrrxrrrrr  rrrrrrrrrrrr  rrrrrrrrrr   rrrrrrrrrr  rrrrrr      rrrrrrrrrrrr    rrrrxnrrrr rrrrx  rrrj rrrr  rrrrrrrrrrr  xrrr    rrr                                                                
 rrrr          rrrr      rrrrrrrr     rrrrrrrrrr   rrrrrrrrr    rrrrrrrr   xrrrrr      rrrrrrrrrr       rrrrrrrr   rrrrrrrr   rrrr    rrrrr rrr  xrrr    rrr                                                                
																																	rrrr   rrrr                                                                             
																																	Crrrrrrrrj                                                                              
   rrrrrrrx           rrrrrrrrrr     xrrr                                          rrrr                                                                                                                                     
  rrrr  rrrr          rrrrrrrrrrrr   xrrr                                   rrr    rrrr                                                                                                                                     
  rrr    rrr          rrr      rrrr  rrrr  rrrr rrr   rrrrr       rrrrrx  rrrrrrrr jrrr     rrrrr     rrrxrrrrr                                                                                                             
  rrrrrrrrr           rrr       rrrr rrrr  rrrrrrrr rrrrrrrrr   rrrrrrrrrrrrrrrrrr rrrr   rrrrrrrrr   rrrrrrrrrr                                                                                                            
  xrrrrrx   rrr       rrr       rrrr rrrr  rrrrr   rrrr    rrr rrrr    rrr  rrr    rrrr  rrru   rrrr  rrrr   rrrr                                                                                                           
 rrrr rrrr rrrr       rrr       rrrr rrrr  rrrr    rrrrrrrrrrr rrrf         rrr    rrrr jrrr     rrr  rrrj   rrrr                                                                                                           
rrrr   xrrrrrr        rrr      rrrr  rrrr  rrrr    rrr         rrrr    r    rrr    rrrr jrrr     rrr  rrrj   rrrr                                                                                                           
 rrrrjCrrrrrrr        rrrrrrrrrrrr   rrrr  rrrr    jrrrr]nrrrr  rrrrrjrrrr  rrrrrr rrrr  rrrrrCxrrrr  rrrj   rrrr                                                                                                           
  rrrrrrrrrrrrrr      rrrrrrrrrr     rrrr  rrrr      rrrrrrrr    rrrrrrrr   jrrrrr rrrr   jrrrrrrr]   rrrj   rrrr                                                                                                           
																																																							
 color: #5f6fff; font-family: ui-monospace, SFMono-Regular, Menlo, Consolas, monospace; font-size: 8px; line-height: 1; white-space: pre @ http://[::1]:8001/assets/js/main.js:40
[ 6366121ms] [LOG] %cJohn Nieder / Product Design & Direction
https://nieder.me color: currentColor; font-family: ui-monospace, SFMono-Regular, Menlo, Consolas, monospace; font-size: 12px; @ http://[::1]:8001/assets/js/main.js:41
[ 6393068ms] [LOG] %c																																																							
																																																							
rrrrrrrrrrrrrrrrrrrrrrrrrrrrrrrrrrrrrrrrrrrrrrrrrrrrrrrrrrrrrrrrrrrrrrrrrrrrrrrrrrrrrrrrrrrrrrrrrrrrrrrrrrrrrrrrrrrrrrrrrrrrrrrrrrrrrrrrrrrrrrrrrrrrrrrrrrrrrrrrrrrrrrrrrrrrrrrrrrrrrrrrrrrrrrrrrrrrrrrrrrrrrrrrrrrrrrrrrrrr
																																																							
																																																							
	$$$$               $$$$                          $$$$$      $$$   $$$                       $$$                                                                                                                         
	$$$$               $$$$                          $$$$$$     $$$   $$$                       $$$                                                                                                                         
	$$$$    $$$$$$$    $$$$$$$$$    $$$ $$$$$        $$$$$$$    $$$   $$$     $$$$$$     $$$$$$ $$$    $$$$$$$    $$$ $$$ $$$$$$$$$  $$$$$      $$$$$$   $$$$    $$$$  $$$$$$$    $$$ $$$                                   
	$$$$  $$$$$$$$$$$  $$$$$$$$$$$  $$$$$$$$$$       $$$$$$$$$  $$$   $$$   $$$$$$$$$   $$$$$$$$$$$   $$$$$$$$$   $$$$$$$ $$$$$$$$$$$$$$$$$$  $$$$$$$$$$ $$$$    $$$ $$$$$$$$$$   $$$$$$$                                   
	$$$$  $$$$   $$$$  $$$$   $$$$  $$$$   $$$$      $$$$  $$$$ $$$   $$$  $$$$    $$$ $$$$    $$$$  $$$    $$$$  $$$$    $$$$   $$$$   $$$$  $$$    $$$$ $$$$  $$$$ $$$    $$$$  $$$$                                      
	$$$$ $$$$     $$$$ $$$$   $$$$  $$$    $$$$      $$$$   $$$$$$$   $$$  $$$$$$$$$$$ $$$$     $$$ $$$$$$$$$$$$  $$$     $$$$   $$$$   $$$$ $$$$$$$$$$$$  $$$ $$$$ $$$$$$$$$$$$  $$$                                       
	$$$$  $$$     $$$  $$$$   $$$$  $$$    $$$$      $$$$    $$$$$$   $$$  $$$     $   $$$$    $$$$  $$$     $    $$$     $$$$   $$$$   $$$$ $$$$           $$$$$$   $$$     $    $$$                                       
$$$$$$$$  $$$$$$$$$$$  $$$$   $$$$  $$$    $$$$      $$$$     $$$$$   $$$   $$$$$$$$$$  $$$$$$$$$$$  $$$$$$$$$$$  $$$     $$$$   $$$$   $$$$  $$$$$$$$$$$   $$$$$    $$$$$$$$$$$  $$$                                       
$$$$$$$     $$$$$$$    $$$$   $$$$  $$$    $$$$      $$$$       $$$   $$$    $$$$$$$$    $$$$$$ $$$    $$$$$$$    $$$     $$$$   $$$$   $$$$    $$$$$$$      $$$$      $$$$$$$    $$$                                       
																																							$$$$                                                            
																																						  $$$$$                                                             
 rrrrrrrrrrr                                rrrr                           rrr         rrrrrrrrrru                            rrrr                                                                                          
 rrrrrrrrrrrrr                              rrrr                           rrr         rrrrrrrrrrrr                           rrrr                                                                                          
 rrrr     xrrr rrrr rrr   rrrrrr      frrrr rrrr  rrr    rrr     rrrrrr  rrrrrrrr      rrrr     rrrr     rrrrrx      rrrrrx   rrrr    rrrrr rrr  xrrr rrrr                                                                  
 rrrr     rrrr rrrrrrrr rrrrrrrrrr   rrrrrrrrrrr  rrr    rrr   rrrrrrrrrrrrrrrrrr      rrrr      rrrr  rrrrrrrrrr  rrrrrrrrrx rrrr  rrrrrrrrrrr  xrrrrrrrrrr                                                                
 rrrrrrrrrrrr  rrrrx   rrrr    rrrt rrrr    rrrr  rrr    rrr  rrrr    rrj  rrr         rrrr      xrrr rrrr    rrr xrrru   r   rrrr  rrr    rrrr  xrrr   frrr                                                                
 rrrrrrrrrr    rrrr    rrr     rrrr rrr     rrrr  rrr    rrr  rrrr         rrr         rrrr      rrrr rrrrrrrrrrrt rrrrrrrrr  rrrr rrrr     rrr  xrrr    rrr                                                                
 rrrr          rrrr    rrrj    rrrr rrr     rrrr  rrr    rrr  rrrr    r    rrr         rrrr     rrrr  rrrr             xrrrrr rrrr  rrr    rrrr  xrrr    rrr                                                                
 rrrr          rrrr    ]rrrrxrrrrr  rrrrrrrrrrrr  rrrrrrrrrr   rrrrrrrrrr  rrrrrr      rrrrrrrrrrrr    rrrrxnrrrr rrrrx  rrrj rrrr  rrrrrrrrrrr  xrrr    rrr                                                                
 rrrr          rrrr      rrrrrrrr     rrrrrrrrrr   rrrrrrrrr    rrrrrrrr   xrrrrr      rrrrrrrrrr       rrrrrrrr   rrrrrrrr   rrrr    rrrrr rrr  xrrr    rrr                                                                
																																	rrrr   rrrr                                                                             
																																	Crrrrrrrrj                                                                              
   rrrrrrrx           rrrrrrrrrr     xrrr                                          rrrr                                                                                                                                     
  rrrr  rrrr          rrrrrrrrrrrr   xrrr                                   rrr    rrrr                                                                                                                                     
  rrr    rrr          rrr      rrrr  rrrr  rrrr rrr   rrrrr       rrrrrx  rrrrrrrr jrrr     rrrrr     rrrxrrrrr                                                                                                             
  rrrrrrrrr           rrr       rrrr rrrr  rrrrrrrr rrrrrrrrr   rrrrrrrrrrrrrrrrrr rrrr   rrrrrrrrr   rrrrrrrrrr                                                                                                            
  xrrrrrx   rrr       rrr       rrrr rrrr  rrrrr   rrrr    rrr rrrr    rrr  rrr    rrrr  rrru   rrrr  rrrr   rrrr                                                                                                           
 rrrr rrrr rrrr       rrr       rrrr rrrr  rrrr    rrrrrrrrrrr rrrf         rrr    rrrr jrrr     rrr  rrrj   rrrr                                                                                                           
rrrr   xrrrrrr        rrr      rrrr  rrrr  rrrr    rrr         rrrr    r    rrr    rrrr jrrr     rrr  rrrj   rrrr                                                                                                           
 rrrrjCrrrrrrr        rrrrrrrrrrrr   rrrr  rrrr    jrrrr]nrrrr  rrrrrjrrrr  rrrrrr rrrr  rrrrrCxrrrr  rrrj   rrrr                                                                                                           
  rrrrrrrrrrrrrr      rrrrrrrrrr     rrrr  rrrr      rrrrrrrr    rrrrrrrr   jrrrrr rrrr   jrrrrrrr]   rrrj   rrrr                                                                                                           
																																																							
 color: #5f6fff; font-family: ui-monospace, SFMono-Regular, Menlo, Consolas, monospace; font-size: 8px; line-height: 1; white-space: pre @ http://[::1]:8001/assets/js/main.js:40
[ 6393068ms] [LOG] %cJohn Nieder / Product Design & Direction
https://nieder.me color: currentColor; font-family: ui-monospace, SFMono-Regular, Menlo, Consolas, monospace; font-size: 12px; @ http://[::1]:8001/assets/js/main.js:41
